<?xml version="1.0" encoding="UTF-8"?>
<testng-results ignored="0" total="1" passed="1" failed="0" skipped="0">
  <reporter-output>
  </reporter-output>
  <suite started-at="2022-11-30T22:30:35 IST" name="Default suite" finished-at="2022-11-30T22:30:45 IST" duration-ms="10640">
    <groups>
    </groups>
    <test started-at="2022-11-30T22:30:35 IST" name="Default test" finished-at="2022-11-30T22:30:45 IST" duration-ms="10640">
      <class name="calender">
        <test-method signature="calender()[pri:0, instance:calender@5fd4f8f5]" started-at="2022-11-30T22:30:35 IST" name="calender" finished-at="2022-11-30T22:30:45 IST" duration-ms="10591" status="PASS">
          <reporter-output>
          </reporter-output>
        </test-method> <!-- calender -->
      </class> <!-- calender -->
    </test> <!-- Default test -->
  </suite> <!-- Default suite -->
</testng-results>
