<?xml version="1.0" encoding="UTF-8"?>
<!-- Generated by org.testng.reporters.JUnitReportReporter -->
<testsuite hostname="vishalkharwade" failures="0" tests="2" name="TestNG.Example66_sample3" time="0.000" errors="0" timestamp="2022-11-09T19:02:55 IST" skipped="0">
  <testcase classname="TestNG.Example66_sample3" name="TC6" time="0.000"/>
  <system-out>
    <![CDATA[--running TC1---]]>
  </system-out>
  <testcase classname="TestNG.Example66_sample3" name="TC5" time="0.000"/>
  <system-out>
    <![CDATA[--running TC1---]]>
  </system-out>
</testsuite> <!-- TestNG.Example66_sample3 -->
